..\..\..\..\Output\bin\Debug\ModelingToold.ilk
..\..\..\..\Output\bin\Debug\ModelingToold.pdb
D:\ONEGIS.MODELINGTOOL\OUTPUT\BIN\DEBUG\MODELINGTOOLD.EXE
D:\OneGIS.ModelingTool\Output\bin\Debug\ModelingToold.exp
D:\ONEGIS.MODELINGTOOL\OUTPUT\BIN\DEBUG\MODELINGTOOLD.ILK
D:\OneGIS.ModelingTool\Output\bin\Debug\ModelingToold.lib
D:\ONEGIS.MODELINGTOOL\OUTPUT\BIN\DEBUG\MODELINGTOOLD.PDB
D:\OneGIS.ModelingTool\VBF\Source\VBF_App\ModelingTool\..\..\..\..\Output\bin\Debug\ModelingToold.exe
D:\ONEGIS.MODELINGTOOL\VBF\SOURCE\VBF_APP\MODELINGTOOL\DEBUG\AC_FILTERSTOBJECT.OBJ
D:\ONEGIS.MODELINGTOOL\VBF\SOURCE\VBF_APP\MODELINGTOOL\DEBUG\AC_ITEMGRAPHIC.OBJ
D:\ONEGIS.MODELINGTOOL\VBF\SOURCE\VBF_APP\MODELINGTOOL\DEBUG\C_2DCOORDINATEWIDGET.OBJ
D:\ONEGIS.MODELINGTOOL\VBF\SOURCE\VBF_APP\MODELINGTOOL\DEBUG\C_2DWND.OBJ
D:\ONEGIS.MODELINGTOOL\VBF\SOURCE\VBF_APP\MODELINGTOOL\DEBUG\C_3DCOORDINATEWIDGET.OBJ
D:\ONEGIS.MODELINGTOOL\VBF\SOURCE\VBF_APP\MODELINGTOOL\DEBUG\C_3DWND.OBJ
D:\ONEGIS.MODELINGTOOL\VBF\SOURCE\VBF_APP\MODELINGTOOL\DEBUG\C_ACCESSFILESTOBJECT.OBJ
D:\ONEGIS.MODELINGTOOL\VBF\SOURCE\VBF_APP\MODELINGTOOL\DEBUG\C_BROADCASTER.OBJ
D:\ONEGIS.MODELINGTOOL\VBF\SOURCE\VBF_APP\MODELINGTOOL\DEBUG\C_CONVERTCANVAS.OBJ
D:\ONEGIS.MODELINGTOOL\VBF\SOURCE\VBF_APP\MODELINGTOOL\DEBUG\C_CONVERTWND.OBJ
D:\ONEGIS.MODELINGTOOL\VBF\SOURCE\VBF_APP\MODELINGTOOL\DEBUG\C_DIALOGBEHAVIORADD.OBJ
D:\ONEGIS.MODELINGTOOL\VBF\SOURCE\VBF_APP\MODELINGTOOL\DEBUG\C_DIALOGBEHAVIORDEBUG.OBJ
D:\ONEGIS.MODELINGTOOL\VBF\SOURCE\VBF_APP\MODELINGTOOL\DEBUG\C_DIALOGBEHAVIORVIEWER.OBJ
D:\ONEGIS.MODELINGTOOL\VBF\SOURCE\VBF_APP\MODELINGTOOL\DEBUG\C_DIALOGFILTERRULE.OBJ
D:\ONEGIS.MODELINGTOOL\VBF\SOURCE\VBF_APP\MODELINGTOOL\DEBUG\C_DIALOGFORMPART.OBJ
D:\ONEGIS.MODELINGTOOL\VBF\SOURCE\VBF_APP\MODELINGTOOL\DEBUG\C_DIALOGFRAMEPRODUCER.OBJ
D:\ONEGIS.MODELINGTOOL\VBF\SOURCE\VBF_APP\MODELINGTOOL\DEBUG\C_DIALOGMERGERULE.OBJ
D:\ONEGIS.MODELINGTOOL\VBF\SOURCE\VBF_APP\MODELINGTOOL\DEBUG\C_DIALOGOBJECTCLASSCREATE.OBJ
D:\ONEGIS.MODELINGTOOL\VBF\SOURCE\VBF_APP\MODELINGTOOL\DEBUG\C_DIALOGOBJECTCLASSEXPORT.OBJ
D:\ONEGIS.MODELINGTOOL\VBF\SOURCE\VBF_APP\MODELINGTOOL\DEBUG\C_DIALOGOBJECTCREATE.OBJ
D:\ONEGIS.MODELINGTOOL\VBF\SOURCE\VBF_APP\MODELINGTOOL\DEBUG\C_DIALOGOBJECTEXPORT.OBJ
D:\ONEGIS.MODELINGTOOL\VBF\SOURCE\VBF_APP\MODELINGTOOL\DEBUG\C_DIALOGRELATIONCLASSCREATE.OBJ
D:\ONEGIS.MODELINGTOOL\VBF\SOURCE\VBF_APP\MODELINGTOOL\DEBUG\C_DIALOGRELATIONCREATE.OBJ
D:\ONEGIS.MODELINGTOOL\VBF\SOURCE\VBF_APP\MODELINGTOOL\DEBUG\C_DIALOGSIMULATIONTIMESET.OBJ
D:\ONEGIS.MODELINGTOOL\VBF\SOURCE\VBF_APP\MODELINGTOOL\DEBUG\C_ENGINEDISPLAY2D.OBJ
D:\ONEGIS.MODELINGTOOL\VBF\SOURCE\VBF_APP\MODELINGTOOL\DEBUG\C_ENGINEDISPLAY3D.OBJ
D:\ONEGIS.MODELINGTOOL\VBF\SOURCE\VBF_APP\MODELINGTOOL\DEBUG\C_GLOBALGIS.OBJ
D:\ONEGIS.MODELINGTOOL\VBF\SOURCE\VBF_APP\MODELINGTOOL\DEBUG\C_ITEMATTRIBUTE.OBJ
D:\ONEGIS.MODELINGTOOL\VBF\SOURCE\VBF_APP\MODELINGTOOL\DEBUG\C_ITEMCONNECTION.OBJ
D:\ONEGIS.MODELINGTOOL\VBF\SOURCE\VBF_APP\MODELINGTOOL\DEBUG\C_ITEMFEATURESET.OBJ
D:\ONEGIS.MODELINGTOOL\VBF\SOURCE\VBF_APP\MODELINGTOOL\DEBUG\C_ITEMFORM.OBJ
D:\ONEGIS.MODELINGTOOL\VBF\SOURCE\VBF_APP\MODELINGTOOL\DEBUG\C_ITEMGEOMETRY.OBJ
D:\ONEGIS.MODELINGTOOL\VBF\SOURCE\VBF_APP\MODELINGTOOL\DEBUG\C_ITEMGROUPFEATURESET.OBJ
D:\ONEGIS.MODELINGTOOL\VBF\SOURCE\VBF_APP\MODELINGTOOL\DEBUG\C_ITEMGROUPOBJECTCLASS.OBJ
D:\ONEGIS.MODELINGTOOL\VBF\SOURCE\VBF_APP\MODELINGTOOL\DEBUG\C_ITEMMAP.OBJ
D:\ONEGIS.MODELINGTOOL\VBF\SOURCE\VBF_APP\MODELINGTOOL\DEBUG\C_ITEMMATCH.OBJ
D:\ONEGIS.MODELINGTOOL\VBF\SOURCE\VBF_APP\MODELINGTOOL\DEBUG\C_ITEMOBJECTCLASS.OBJ
D:\ONEGIS.MODELINGTOOL\VBF\SOURCE\VBF_APP\MODELINGTOOL\DEBUG\C_ITEMPOSITION.OBJ
D:\ONEGIS.MODELINGTOOL\VBF\SOURCE\VBF_APP\MODELINGTOOL\DEBUG\C_MAINCTRL.OBJ
D:\ONEGIS.MODELINGTOOL\VBF\SOURCE\VBF_APP\MODELINGTOOL\DEBUG\C_MAINUI.OBJ
D:\ONEGIS.MODELINGTOOL\VBF\SOURCE\VBF_APP\MODELINGTOOL\DEBUG\C_MANAGERDISPLAY.OBJ
D:\ONEGIS.MODELINGTOOL\VBF\SOURCE\VBF_APP\MODELINGTOOL\DEBUG\C_MANAGERSTOBJECT.OBJ
D:\ONEGIS.MODELINGTOOL\VBF\SOURCE\VBF_APP\MODELINGTOOL\DEBUG\C_MANAGERSTOBJECTRELATION.OBJ
D:\ONEGIS.MODELINGTOOL\VBF\SOURCE\VBF_APP\MODELINGTOOL\DEBUG\C_MESSAGEFRAME.OBJ
D:\ONEGIS.MODELINGTOOL\VBF\SOURCE\VBF_APP\MODELINGTOOL\DEBUG\C_OPERATECLASS.OBJ
D:\ONEGIS.MODELINGTOOL\VBF\SOURCE\VBF_APP\MODELINGTOOL\DEBUG\C_OPERATEOBJECT.OBJ
D:\ONEGIS.MODELINGTOOL\VBF\SOURCE\VBF_APP\MODELINGTOOL\DEBUG\C_OPERATERELATION.OBJ
D:\ONEGIS.MODELINGTOOL\VBF\SOURCE\VBF_APP\MODELINGTOOL\DEBUG\C_OPERATORSTOBJECT.OBJ
D:\ONEGIS.MODELINGTOOL\VBF\SOURCE\VBF_APP\MODELINGTOOL\DEBUG\C_SEARCHCLASS.OBJ
D:\ONEGIS.MODELINGTOOL\VBF\SOURCE\VBF_APP\MODELINGTOOL\DEBUG\C_SEARCHEROBJECT.OBJ
D:\ONEGIS.MODELINGTOOL\VBF\SOURCE\VBF_APP\MODELINGTOOL\DEBUG\C_SEARCHERRELATION.OBJ
D:\ONEGIS.MODELINGTOOL\VBF\SOURCE\VBF_APP\MODELINGTOOL\DEBUG\C_SUBITEMATTRIBUTE.OBJ
D:\ONEGIS.MODELINGTOOL\VBF\SOURCE\VBF_APP\MODELINGTOOL\DEBUG\C_SUBITEMFORM.OBJ
D:\ONEGIS.MODELINGTOOL\VBF\SOURCE\VBF_APP\MODELINGTOOL\DEBUG\C_SUBITEMGEOMETRY.OBJ
D:\ONEGIS.MODELINGTOOL\VBF\SOURCE\VBF_APP\MODELINGTOOL\DEBUG\C_VIEWERWIDGET3D.OBJ
D:\ONEGIS.MODELINGTOOL\VBF\SOURCE\VBF_APP\MODELINGTOOL\DEBUG\C_VIEWOBJECT.OBJ
D:\ONEGIS.MODELINGTOOL\VBF\SOURCE\VBF_APP\MODELINGTOOL\DEBUG\C_VIEWOBJECTCLASS.OBJ
D:\ONEGIS.MODELINGTOOL\VBF\SOURCE\VBF_APP\MODELINGTOOL\DEBUG\C_VIEWRELATION.OBJ
D:\ONEGIS.MODELINGTOOL\VBF\SOURCE\VBF_APP\MODELINGTOOL\DEBUG\C_VIEWWIDGETCLASS.OBJ
D:\ONEGIS.MODELINGTOOL\VBF\SOURCE\VBF_APP\MODELINGTOOL\DEBUG\C_VIEWWIDGETOBJECT.OBJ
D:\ONEGIS.MODELINGTOOL\VBF\SOURCE\VBF_APP\MODELINGTOOL\DEBUG\C_VIEWWIDGETRELATION.OBJ
D:\ONEGIS.MODELINGTOOL\VBF\SOURCE\VBF_APP\MODELINGTOOL\DEBUG\C_VIEWWIDGETRELATIONCREATEMANUAL.OBJ
D:\ONEGIS.MODELINGTOOL\VBF\SOURCE\VBF_APP\MODELINGTOOL\DEBUG\C_VIEWWIDGETTIMEAXIS.OBJ
D:\ONEGIS.MODELINGTOOL\VBF\SOURCE\VBF_APP\MODELINGTOOL\DEBUG\C_VIEWWIDGETTRAITS.OBJ
D:\ONEGIS.MODELINGTOOL\VBF\SOURCE\VBF_APP\MODELINGTOOL\DEBUG\C_WIDGETOBJECTATTRIBUTE.OBJ
D:\ONEGIS.MODELINGTOOL\VBF\SOURCE\VBF_APP\MODELINGTOOL\DEBUG\C_WIDGETOBJECTBASICINFO.OBJ
D:\ONEGIS.MODELINGTOOL\VBF\SOURCE\VBF_APP\MODELINGTOOL\DEBUG\C_WIDGETOBJECTBEHAVIOR.OBJ
D:\ONEGIS.MODELINGTOOL\VBF\SOURCE\VBF_APP\MODELINGTOOL\DEBUG\C_WIDGETOBJECTCLASSATTRIBUTE.OBJ
D:\ONEGIS.MODELINGTOOL\VBF\SOURCE\VBF_APP\MODELINGTOOL\DEBUG\C_WIDGETOBJECTCLASSBASICINFO.OBJ
D:\ONEGIS.MODELINGTOOL\VBF\SOURCE\VBF_APP\MODELINGTOOL\DEBUG\C_WIDGETOBJECTCLASSBEHAVIOR.OBJ
D:\ONEGIS.MODELINGTOOL\VBF\SOURCE\VBF_APP\MODELINGTOOL\DEBUG\C_WIDGETOBJECTCLASSCOMPOSE.OBJ
D:\ONEGIS.MODELINGTOOL\VBF\SOURCE\VBF_APP\MODELINGTOOL\DEBUG\C_WIDGETOBJECTCLASSFORM.OBJ
D:\ONEGIS.MODELINGTOOL\VBF\SOURCE\VBF_APP\MODELINGTOOL\DEBUG\C_WIDGETOBJECTCLASSREFERENCE.OBJ
D:\ONEGIS.MODELINGTOOL\VBF\SOURCE\VBF_APP\MODELINGTOOL\DEBUG\C_WIDGETOBJECTCOMPOSE.OBJ
D:\ONEGIS.MODELINGTOOL\VBF\SOURCE\VBF_APP\MODELINGTOOL\DEBUG\C_WIDGETOBJECTFORM.OBJ
D:\ONEGIS.MODELINGTOOL\VBF\SOURCE\VBF_APP\MODELINGTOOL\DEBUG\C_WIDGETOBJECTPOSITION.OBJ
D:\ONEGIS.MODELINGTOOL\VBF\SOURCE\VBF_APP\MODELINGTOOL\DEBUG\C_WIDGETOBJECTREFERENCE.OBJ
D:\ONEGIS.MODELINGTOOL\VBF\SOURCE\VBF_APP\MODELINGTOOL\DEBUG\C_WIDGETOBJECTRELATION.OBJ
D:\ONEGIS.MODELINGTOOL\VBF\SOURCE\VBF_APP\MODELINGTOOL\DEBUG\C_WIZARDPAGESELECTRULE.OBJ
D:\ONEGIS.MODELINGTOOL\VBF\SOURCE\VBF_APP\MODELINGTOOL\DEBUG\C_WIZARDPAGESELECTTYPE.OBJ
D:\ONEGIS.MODELINGTOOL\VBF\SOURCE\VBF_APP\MODELINGTOOL\DEBUG\C_WIZARDPAGESETPARAMS.OBJ
D:\ONEGIS.MODELINGTOOL\VBF\SOURCE\VBF_APP\MODELINGTOOL\DEBUG\C_WIZARDRELATIONCREATEBATCH.OBJ
D:\OneGIS.ModelingTool\VBF\Source\VBF_App\ModelingTool\Debug\cl.command.1.tlog
D:\OneGIS.ModelingTool\VBF\Source\VBF_App\ModelingTool\Debug\CL.read.1.tlog
D:\OneGIS.ModelingTool\VBF\Source\VBF_App\ModelingTool\Debug\CL.write.1.tlog
D:\OneGIS.ModelingTool\VBF\Source\VBF_App\ModelingTool\Debug\custombuild.command.1.tlog
D:\OneGIS.ModelingTool\VBF\Source\VBF_App\ModelingTool\Debug\custombuild.read.1.tlog
D:\OneGIS.ModelingTool\VBF\Source\VBF_App\ModelingTool\Debug\custombuild.write.1.tlog
D:\ONEGIS.MODELINGTOOL\VBF\SOURCE\VBF_APP\MODELINGTOOL\DEBUG\GRAPHICSWINDOWQT.OBJ
D:\OneGIS.ModelingTool\VBF\Source\VBF_App\ModelingTool\Debug\link.12724.read.1.tlog
D:\OneGIS.ModelingTool\VBF\Source\VBF_App\ModelingTool\Debug\link.12724.write.1.tlog
D:\OneGIS.ModelingTool\VBF\Source\VBF_App\ModelingTool\Debug\link.12724-cvtres.read.1.tlog
D:\OneGIS.ModelingTool\VBF\Source\VBF_App\ModelingTool\Debug\link.12724-cvtres.write.1.tlog
D:\OneGIS.ModelingTool\VBF\Source\VBF_App\ModelingTool\Debug\link.17724.read.1.tlog
D:\OneGIS.ModelingTool\VBF\Source\VBF_App\ModelingTool\Debug\link.17724.write.1.tlog
D:\OneGIS.ModelingTool\VBF\Source\VBF_App\ModelingTool\Debug\link.17724-cvtres.read.1.tlog
D:\OneGIS.ModelingTool\VBF\Source\VBF_App\ModelingTool\Debug\link.17724-cvtres.write.1.tlog
D:\OneGIS.ModelingTool\VBF\Source\VBF_App\ModelingTool\Debug\link.command.1.tlog
D:\OneGIS.ModelingTool\VBF\Source\VBF_App\ModelingTool\Debug\link.read.1.tlog
D:\OneGIS.ModelingTool\VBF\Source\VBF_App\ModelingTool\Debug\link.write.1.tlog
D:\OneGIS.ModelingTool\VBF\Source\VBF_App\ModelingTool\Debug\link-cvtres.read.1.tlog
D:\OneGIS.ModelingTool\VBF\Source\VBF_App\ModelingTool\Debug\link-cvtres.write.1.tlog
D:\ONEGIS.MODELINGTOOL\VBF\SOURCE\VBF_APP\MODELINGTOOL\DEBUG\MAIN.OBJ
D:\ONEGIS.MODELINGTOOL\VBF\SOURCE\VBF_APP\MODELINGTOOL\DEBUG\MAINWINDOW.OBJ
D:\ONEGIS.MODELINGTOOL\VBF\SOURCE\VBF_APP\MODELINGTOOL\DEBUG\MOC_C_BROADCASTER.OBJ
D:\ONEGIS.MODELINGTOOL\VBF\SOURCE\VBF_APP\MODELINGTOOL\DEBUG\MOC_C_CONVERTCANVAS.OBJ
D:\ONEGIS.MODELINGTOOL\VBF\SOURCE\VBF_APP\MODELINGTOOL\DEBUG\MOC_C_DIALOGBEHAVIORADD.OBJ
D:\ONEGIS.MODELINGTOOL\VBF\SOURCE\VBF_APP\MODELINGTOOL\DEBUG\MOC_C_DIALOGBEHAVIORDEBUG.OBJ
D:\ONEGIS.MODELINGTOOL\VBF\SOURCE\VBF_APP\MODELINGTOOL\DEBUG\MOC_C_DIALOGBEHAVIORVIEWER.OBJ
D:\ONEGIS.MODELINGTOOL\VBF\SOURCE\VBF_APP\MODELINGTOOL\DEBUG\MOC_C_DIALOGFILTERRULE.OBJ
D:\ONEGIS.MODELINGTOOL\VBF\SOURCE\VBF_APP\MODELINGTOOL\DEBUG\MOC_C_DIALOGFORMPART.OBJ
D:\ONEGIS.MODELINGTOOL\VBF\SOURCE\VBF_APP\MODELINGTOOL\DEBUG\MOC_C_DIALOGFRAMEPRODUCER.OBJ
D:\ONEGIS.MODELINGTOOL\VBF\SOURCE\VBF_APP\MODELINGTOOL\DEBUG\MOC_C_DIALOGMERGERULE.OBJ
D:\ONEGIS.MODELINGTOOL\VBF\SOURCE\VBF_APP\MODELINGTOOL\DEBUG\MOC_C_DIALOGOBJECTCLASSCREATE.OBJ
D:\ONEGIS.MODELINGTOOL\VBF\SOURCE\VBF_APP\MODELINGTOOL\DEBUG\MOC_C_DIALOGOBJECTCLASSEXPORT.OBJ
D:\ONEGIS.MODELINGTOOL\VBF\SOURCE\VBF_APP\MODELINGTOOL\DEBUG\MOC_C_DIALOGOBJECTCREATE.OBJ
D:\ONEGIS.MODELINGTOOL\VBF\SOURCE\VBF_APP\MODELINGTOOL\DEBUG\MOC_C_DIALOGOBJECTEXPORT.OBJ
D:\ONEGIS.MODELINGTOOL\VBF\SOURCE\VBF_APP\MODELINGTOOL\DEBUG\MOC_C_DIALOGRELATIONCLASSCREATE.OBJ
D:\ONEGIS.MODELINGTOOL\VBF\SOURCE\VBF_APP\MODELINGTOOL\DEBUG\MOC_C_DIALOGRELATIONCREATE.OBJ
D:\ONEGIS.MODELINGTOOL\VBF\SOURCE\VBF_APP\MODELINGTOOL\DEBUG\MOC_C_DIALOGSIMULATIONTIMESET.OBJ
D:\ONEGIS.MODELINGTOOL\VBF\SOURCE\VBF_APP\MODELINGTOOL\DEBUG\MOC_C_MAINUI.OBJ
D:\ONEGIS.MODELINGTOOL\VBF\SOURCE\VBF_APP\MODELINGTOOL\DEBUG\MOC_C_MANAGERDISPLAY.OBJ
D:\ONEGIS.MODELINGTOOL\VBF\SOURCE\VBF_APP\MODELINGTOOL\DEBUG\MOC_C_OPERATECLASS.OBJ
D:\ONEGIS.MODELINGTOOL\VBF\SOURCE\VBF_APP\MODELINGTOOL\DEBUG\MOC_C_OPERATEOBJECT.OBJ
D:\ONEGIS.MODELINGTOOL\VBF\SOURCE\VBF_APP\MODELINGTOOL\DEBUG\MOC_C_SEARCHEROBJECT.OBJ
D:\ONEGIS.MODELINGTOOL\VBF\SOURCE\VBF_APP\MODELINGTOOL\DEBUG\MOC_C_VIEWOBJECT.OBJ
D:\ONEGIS.MODELINGTOOL\VBF\SOURCE\VBF_APP\MODELINGTOOL\DEBUG\MOC_C_VIEWOBJECTCLASS.OBJ
D:\ONEGIS.MODELINGTOOL\VBF\SOURCE\VBF_APP\MODELINGTOOL\DEBUG\MOC_C_VIEWWIDGETRELATIONCREATEMANUAL.OBJ
D:\ONEGIS.MODELINGTOOL\VBF\SOURCE\VBF_APP\MODELINGTOOL\DEBUG\MOC_C_VIEWWIDGETTIMEAXIS.OBJ
D:\ONEGIS.MODELINGTOOL\VBF\SOURCE\VBF_APP\MODELINGTOOL\DEBUG\MOC_C_WIDGETOBJECTATTRIBUTE.OBJ
D:\ONEGIS.MODELINGTOOL\VBF\SOURCE\VBF_APP\MODELINGTOOL\DEBUG\MOC_C_WIDGETOBJECTBASICINFO.OBJ
D:\ONEGIS.MODELINGTOOL\VBF\SOURCE\VBF_APP\MODELINGTOOL\DEBUG\MOC_C_WIDGETOBJECTBEHAVIOR.OBJ
D:\ONEGIS.MODELINGTOOL\VBF\SOURCE\VBF_APP\MODELINGTOOL\DEBUG\MOC_C_WIDGETOBJECTCLASSATTRIBUTE.OBJ
D:\ONEGIS.MODELINGTOOL\VBF\SOURCE\VBF_APP\MODELINGTOOL\DEBUG\MOC_C_WIDGETOBJECTCLASSBASICINFO.OBJ
D:\ONEGIS.MODELINGTOOL\VBF\SOURCE\VBF_APP\MODELINGTOOL\DEBUG\MOC_C_WIDGETOBJECTCLASSBEHAVIOR.OBJ
D:\ONEGIS.MODELINGTOOL\VBF\SOURCE\VBF_APP\MODELINGTOOL\DEBUG\MOC_C_WIDGETOBJECTCLASSCOMPOSE.OBJ
D:\ONEGIS.MODELINGTOOL\VBF\SOURCE\VBF_APP\MODELINGTOOL\DEBUG\MOC_C_WIDGETOBJECTCLASSFORM.OBJ
D:\ONEGIS.MODELINGTOOL\VBF\SOURCE\VBF_APP\MODELINGTOOL\DEBUG\MOC_C_WIDGETOBJECTCLASSREFERENCE.OBJ
D:\ONEGIS.MODELINGTOOL\VBF\SOURCE\VBF_APP\MODELINGTOOL\DEBUG\MOC_C_WIDGETOBJECTCOMPOSE.OBJ
D:\ONEGIS.MODELINGTOOL\VBF\SOURCE\VBF_APP\MODELINGTOOL\DEBUG\MOC_C_WIDGETOBJECTFORM.OBJ
D:\ONEGIS.MODELINGTOOL\VBF\SOURCE\VBF_APP\MODELINGTOOL\DEBUG\MOC_C_WIDGETOBJECTPOSITION.OBJ
D:\ONEGIS.MODELINGTOOL\VBF\SOURCE\VBF_APP\MODELINGTOOL\DEBUG\MOC_C_WIDGETOBJECTREFERENCE.OBJ
D:\ONEGIS.MODELINGTOOL\VBF\SOURCE\VBF_APP\MODELINGTOOL\DEBUG\MOC_C_WIDGETOBJECTRELATION.OBJ
D:\ONEGIS.MODELINGTOOL\VBF\SOURCE\VBF_APP\MODELINGTOOL\DEBUG\MOC_C_WIZARDPAGESELECTRULE.OBJ
D:\ONEGIS.MODELINGTOOL\VBF\SOURCE\VBF_APP\MODELINGTOOL\DEBUG\MOC_C_WIZARDPAGESELECTTYPE.OBJ
D:\ONEGIS.MODELINGTOOL\VBF\SOURCE\VBF_APP\MODELINGTOOL\DEBUG\MOC_C_WIZARDPAGESETPARAMS.OBJ
D:\ONEGIS.MODELINGTOOL\VBF\SOURCE\VBF_APP\MODELINGTOOL\DEBUG\MOC_C_WIZARDRELATIONCREATEBATCH.OBJ
D:\ONEGIS.MODELINGTOOL\VBF\SOURCE\VBF_APP\MODELINGTOOL\DEBUG\MOC_MAINWINDOW.OBJ
D:\ONEGIS.MODELINGTOOL\VBF\SOURCE\VBF_APP\MODELINGTOOL\DEBUG\MOC_QCUSTOMPLOT.OBJ
D:\ONEGIS.MODELINGTOOL\VBF\SOURCE\VBF_APP\MODELINGTOOL\DEBUG\MOC_QTPROPERTYBROWSERUTILS_P.OBJ
D:\ONEGIS.MODELINGTOOL\VBF\SOURCE\VBF_APP\MODELINGTOOL\DEBUG\MODELINGTOOL.RES
D:\OneGIS.ModelingTool\VBF\Source\VBF_App\ModelingTool\Debug\ModelingTool.vcxprojResolveAssemblyReference.cache
D:\OneGIS.ModelingTool\VBF\Source\VBF_App\ModelingTool\Debug\ModelingTool.write.1.tlog
D:\ONEGIS.MODELINGTOOL\VBF\SOURCE\VBF_APP\MODELINGTOOL\DEBUG\MODELINGTOOLD.EXE.EMBED.MANIFEST
D:\ONEGIS.MODELINGTOOL\VBF\SOURCE\VBF_APP\MODELINGTOOL\DEBUG\MODELINGTOOLD.EXE.EMBED.MANIFEST.RES
D:\ONEGIS.MODELINGTOOL\VBF\SOURCE\VBF_APP\MODELINGTOOL\DEBUG\MODELINGTOOLD.EXE.INTERMEDIATE.MANIFEST
D:\OneGIS.ModelingTool\VBF\Source\VBF_App\ModelingTool\Debug\ModelingToold_manifest.rc
D:\OneGIS.ModelingTool\VBF\Source\VBF_App\ModelingTool\Debug\mt.command.1.tlog
D:\OneGIS.ModelingTool\VBF\Source\VBF_App\ModelingTool\Debug\mt.read.1.tlog
D:\OneGIS.ModelingTool\VBF\Source\VBF_App\ModelingTool\Debug\mt.write.1.tlog
D:\ONEGIS.MODELINGTOOL\VBF\SOURCE\VBF_APP\MODELINGTOOL\DEBUG\QCUSTOMPLOT.OBJ
D:\ONEGIS.MODELINGTOOL\VBF\SOURCE\VBF_APP\MODELINGTOOL\DEBUG\QRC_MODELINGTOOL.OBJ
D:\ONEGIS.MODELINGTOOL\VBF\SOURCE\VBF_APP\MODELINGTOOL\DEBUG\QTBUTTONPROPERTYBROWSER.OBJ
D:\ONEGIS.MODELINGTOOL\VBF\SOURCE\VBF_APP\MODELINGTOOL\DEBUG\QTEDITORFACTORY.OBJ
D:\ONEGIS.MODELINGTOOL\VBF\SOURCE\VBF_APP\MODELINGTOOL\DEBUG\QTGROUPBOXPROPERTYBROWSER.OBJ
D:\ONEGIS.MODELINGTOOL\VBF\SOURCE\VBF_APP\MODELINGTOOL\DEBUG\QTPROPERTYBROWSER.OBJ
D:\ONEGIS.MODELINGTOOL\VBF\SOURCE\VBF_APP\MODELINGTOOL\DEBUG\QTPROPERTYBROWSERUTILS.OBJ
D:\ONEGIS.MODELINGTOOL\VBF\SOURCE\VBF_APP\MODELINGTOOL\DEBUG\QTPROPERTYMANAGER.OBJ
D:\ONEGIS.MODELINGTOOL\VBF\SOURCE\VBF_APP\MODELINGTOOL\DEBUG\QTTREEPROPERTYBROWSER.OBJ
D:\ONEGIS.MODELINGTOOL\VBF\SOURCE\VBF_APP\MODELINGTOOL\DEBUG\QTVARIANTPROPERTY.OBJ
D:\OneGIS.ModelingTool\VBF\Source\VBF_App\ModelingTool\Debug\rc.command.1.tlog
D:\OneGIS.ModelingTool\VBF\Source\VBF_App\ModelingTool\Debug\rc.read.1.tlog
D:\OneGIS.ModelingTool\VBF\Source\VBF_App\ModelingTool\Debug\rc.write.1.tlog
D:\ONEGIS.MODELINGTOOL\VBF\SOURCE\VBF_APP\MODELINGTOOL\DEBUG\VBF_FUNCTIONREGISTER.OBJ
D:\ONEGIS.MODELINGTOOL\VBF\SOURCE\VBF_APP\MODELINGTOOL\DEBUG\VBF_GLOBALGIS_PLOT.OBJ
D:\ONEGIS.MODELINGTOOL\VBF\SOURCE\VBF_APP\MODELINGTOOL\DEBUG\VBF_GLOBALGIS_SCRIPT.OBJ
D:\ONEGIS.MODELINGTOOL\VBF\SOURCE\VBF_APP\MODELINGTOOL\DEBUG\VBF_LOADTHREAD.OBJ
D:\ONEGIS.MODELINGTOOL\VBF\SOURCE\VBF_APP\MODELINGTOOL\DEBUG\VBF_UPDATEOPERATION.OBJ
D:\ONEGIS.MODELINGTOOL\VBF\SOURCE\VBF_APP\MODELINGTOOL\DEBUG\VC100.PDB
D:\ONEGIS.MODELINGTOOL\VBF\SOURCE\VBF_APP\MODELINGTOOL\GENERATEDFILES\DEBUG\MOC_C_BROADCASTER.CPP
D:\ONEGIS.MODELINGTOOL\VBF\SOURCE\VBF_APP\MODELINGTOOL\GENERATEDFILES\DEBUG\MOC_C_CONVERTCANVAS.CPP
D:\ONEGIS.MODELINGTOOL\VBF\SOURCE\VBF_APP\MODELINGTOOL\GENERATEDFILES\DEBUG\MOC_C_DIALOGBEHAVIORADD.CPP
D:\ONEGIS.MODELINGTOOL\VBF\SOURCE\VBF_APP\MODELINGTOOL\GENERATEDFILES\DEBUG\MOC_C_DIALOGBEHAVIORDEBUG.CPP
D:\ONEGIS.MODELINGTOOL\VBF\SOURCE\VBF_APP\MODELINGTOOL\GENERATEDFILES\DEBUG\MOC_C_DIALOGBEHAVIORVIEWER.CPP
D:\ONEGIS.MODELINGTOOL\VBF\SOURCE\VBF_APP\MODELINGTOOL\GENERATEDFILES\DEBUG\MOC_C_DIALOGFILTERRULE.CPP
D:\ONEGIS.MODELINGTOOL\VBF\SOURCE\VBF_APP\MODELINGTOOL\GENERATEDFILES\DEBUG\MOC_C_DIALOGFORMPART.CPP
D:\ONEGIS.MODELINGTOOL\VBF\SOURCE\VBF_APP\MODELINGTOOL\GENERATEDFILES\DEBUG\MOC_C_DIALOGFRAMEPRODUCER.CPP
D:\ONEGIS.MODELINGTOOL\VBF\SOURCE\VBF_APP\MODELINGTOOL\GENERATEDFILES\DEBUG\MOC_C_DIALOGMERGERULE.CPP
D:\ONEGIS.MODELINGTOOL\VBF\SOURCE\VBF_APP\MODELINGTOOL\GENERATEDFILES\DEBUG\MOC_C_DIALOGOBJECTCLASSCREATE.CPP
D:\ONEGIS.MODELINGTOOL\VBF\SOURCE\VBF_APP\MODELINGTOOL\GENERATEDFILES\DEBUG\MOC_C_DIALOGOBJECTCLASSEXPORT.CPP
D:\ONEGIS.MODELINGTOOL\VBF\SOURCE\VBF_APP\MODELINGTOOL\GENERATEDFILES\DEBUG\MOC_C_DIALOGOBJECTCREATE.CPP
D:\ONEGIS.MODELINGTOOL\VBF\SOURCE\VBF_APP\MODELINGTOOL\GENERATEDFILES\DEBUG\MOC_C_DIALOGOBJECTEXPORT.CPP
D:\ONEGIS.MODELINGTOOL\VBF\SOURCE\VBF_APP\MODELINGTOOL\GENERATEDFILES\DEBUG\MOC_C_DIALOGRELATIONCLASSCREATE.CPP
D:\ONEGIS.MODELINGTOOL\VBF\SOURCE\VBF_APP\MODELINGTOOL\GENERATEDFILES\DEBUG\MOC_C_DIALOGRELATIONCREATE.CPP
D:\ONEGIS.MODELINGTOOL\VBF\SOURCE\VBF_APP\MODELINGTOOL\GENERATEDFILES\DEBUG\MOC_C_DIALOGSIMULATIONTIMESET.CPP
D:\ONEGIS.MODELINGTOOL\VBF\SOURCE\VBF_APP\MODELINGTOOL\GENERATEDFILES\DEBUG\MOC_C_MAINUI.CPP
D:\ONEGIS.MODELINGTOOL\VBF\SOURCE\VBF_APP\MODELINGTOOL\GENERATEDFILES\DEBUG\MOC_C_MANAGERDISPLAY.CPP
D:\ONEGIS.MODELINGTOOL\VBF\SOURCE\VBF_APP\MODELINGTOOL\GENERATEDFILES\DEBUG\MOC_C_OPERATECLASS.CPP
D:\ONEGIS.MODELINGTOOL\VBF\SOURCE\VBF_APP\MODELINGTOOL\GENERATEDFILES\DEBUG\MOC_C_OPERATEOBJECT.CPP
D:\ONEGIS.MODELINGTOOL\VBF\SOURCE\VBF_APP\MODELINGTOOL\GENERATEDFILES\DEBUG\MOC_C_SEARCHEROBJECT.CPP
D:\ONEGIS.MODELINGTOOL\VBF\SOURCE\VBF_APP\MODELINGTOOL\GENERATEDFILES\DEBUG\MOC_C_VIEWOBJECT.CPP
D:\ONEGIS.MODELINGTOOL\VBF\SOURCE\VBF_APP\MODELINGTOOL\GENERATEDFILES\DEBUG\MOC_C_VIEWOBJECTCLASS.CPP
D:\ONEGIS.MODELINGTOOL\VBF\SOURCE\VBF_APP\MODELINGTOOL\GENERATEDFILES\DEBUG\MOC_C_VIEWWIDGETRELATIONCREATEMANUAL.CPP
D:\ONEGIS.MODELINGTOOL\VBF\SOURCE\VBF_APP\MODELINGTOOL\GENERATEDFILES\DEBUG\MOC_C_VIEWWIDGETTIMEAXIS.CPP
D:\ONEGIS.MODELINGTOOL\VBF\SOURCE\VBF_APP\MODELINGTOOL\GENERATEDFILES\DEBUG\MOC_C_WIDGETOBJECTATTRIBUTE.CPP
D:\ONEGIS.MODELINGTOOL\VBF\SOURCE\VBF_APP\MODELINGTOOL\GENERATEDFILES\DEBUG\MOC_C_WIDGETOBJECTBASICINFO.CPP
D:\ONEGIS.MODELINGTOOL\VBF\SOURCE\VBF_APP\MODELINGTOOL\GENERATEDFILES\DEBUG\MOC_C_WIDGETOBJECTBEHAVIOR.CPP
D:\ONEGIS.MODELINGTOOL\VBF\SOURCE\VBF_APP\MODELINGTOOL\GENERATEDFILES\DEBUG\MOC_C_WIDGETOBJECTCLASSATTRIBUTE.CPP
D:\ONEGIS.MODELINGTOOL\VBF\SOURCE\VBF_APP\MODELINGTOOL\GENERATEDFILES\DEBUG\MOC_C_WIDGETOBJECTCLASSBASICINFO.CPP
D:\ONEGIS.MODELINGTOOL\VBF\SOURCE\VBF_APP\MODELINGTOOL\GENERATEDFILES\DEBUG\MOC_C_WIDGETOBJECTCLASSBEHAVIOR.CPP
D:\ONEGIS.MODELINGTOOL\VBF\SOURCE\VBF_APP\MODELINGTOOL\GENERATEDFILES\DEBUG\MOC_C_WIDGETOBJECTCLASSCOMPOSE.CPP
D:\ONEGIS.MODELINGTOOL\VBF\SOURCE\VBF_APP\MODELINGTOOL\GENERATEDFILES\DEBUG\MOC_C_WIDGETOBJECTCLASSFORM.CPP
D:\ONEGIS.MODELINGTOOL\VBF\SOURCE\VBF_APP\MODELINGTOOL\GENERATEDFILES\DEBUG\MOC_C_WIDGETOBJECTCLASSREFERENCE.CPP
D:\ONEGIS.MODELINGTOOL\VBF\SOURCE\VBF_APP\MODELINGTOOL\GENERATEDFILES\DEBUG\MOC_C_WIDGETOBJECTCOMPOSE.CPP
D:\ONEGIS.MODELINGTOOL\VBF\SOURCE\VBF_APP\MODELINGTOOL\GENERATEDFILES\DEBUG\MOC_C_WIDGETOBJECTFORM.CPP
D:\ONEGIS.MODELINGTOOL\VBF\SOURCE\VBF_APP\MODELINGTOOL\GENERATEDFILES\DEBUG\MOC_C_WIDGETOBJECTPOSITION.CPP
D:\ONEGIS.MODELINGTOOL\VBF\SOURCE\VBF_APP\MODELINGTOOL\GENERATEDFILES\DEBUG\MOC_C_WIDGETOBJECTREFERENCE.CPP
D:\ONEGIS.MODELINGTOOL\VBF\SOURCE\VBF_APP\MODELINGTOOL\GENERATEDFILES\DEBUG\MOC_C_WIDGETOBJECTRELATION.CPP
D:\ONEGIS.MODELINGTOOL\VBF\SOURCE\VBF_APP\MODELINGTOOL\GENERATEDFILES\DEBUG\MOC_C_WIZARDPAGESELECTRULE.CPP
D:\ONEGIS.MODELINGTOOL\VBF\SOURCE\VBF_APP\MODELINGTOOL\GENERATEDFILES\DEBUG\MOC_C_WIZARDPAGESELECTTYPE.CPP
D:\ONEGIS.MODELINGTOOL\VBF\SOURCE\VBF_APP\MODELINGTOOL\GENERATEDFILES\DEBUG\MOC_C_WIZARDPAGESETPARAMS.CPP
D:\ONEGIS.MODELINGTOOL\VBF\SOURCE\VBF_APP\MODELINGTOOL\GENERATEDFILES\DEBUG\MOC_C_WIZARDRELATIONCREATEBATCH.CPP
D:\ONEGIS.MODELINGTOOL\VBF\SOURCE\VBF_APP\MODELINGTOOL\GENERATEDFILES\DEBUG\MOC_MAINWINDOW.CPP
D:\ONEGIS.MODELINGTOOL\VBF\SOURCE\VBF_APP\MODELINGTOOL\GENERATEDFILES\DEBUG\MOC_QCUSTOMPLOT.CPP
D:\ONEGIS.MODELINGTOOL\VBF\SOURCE\VBF_APP\MODELINGTOOL\GENERATEDFILES\DEBUG\MOC_QTBUTTONPROPERTYBROWSER.CPP
D:\ONEGIS.MODELINGTOOL\VBF\SOURCE\VBF_APP\MODELINGTOOL\GENERATEDFILES\DEBUG\MOC_QTEDITORFACTORY.CPP
D:\ONEGIS.MODELINGTOOL\VBF\SOURCE\VBF_APP\MODELINGTOOL\GENERATEDFILES\DEBUG\MOC_QTGROUPBOXPROPERTYBROWSER.CPP
D:\ONEGIS.MODELINGTOOL\VBF\SOURCE\VBF_APP\MODELINGTOOL\GENERATEDFILES\DEBUG\MOC_QTPROPERTYBROWSER.CPP
D:\ONEGIS.MODELINGTOOL\VBF\SOURCE\VBF_APP\MODELINGTOOL\GENERATEDFILES\DEBUG\MOC_QTPROPERTYBROWSERUTILS_P.CPP
D:\ONEGIS.MODELINGTOOL\VBF\SOURCE\VBF_APP\MODELINGTOOL\GENERATEDFILES\DEBUG\MOC_QTPROPERTYMANAGER.CPP
D:\ONEGIS.MODELINGTOOL\VBF\SOURCE\VBF_APP\MODELINGTOOL\GENERATEDFILES\DEBUG\MOC_QTTREEPROPERTYBROWSER.CPP
D:\ONEGIS.MODELINGTOOL\VBF\SOURCE\VBF_APP\MODELINGTOOL\GENERATEDFILES\DEBUG\MOC_QTVARIANTPROPERTY.CPP
D:\ONEGIS.MODELINGTOOL\VBF\SOURCE\VBF_APP\MODELINGTOOL\GENERATEDFILES\DEBUG\QTEDITORFACTORY.MOC
D:\ONEGIS.MODELINGTOOL\VBF\SOURCE\VBF_APP\MODELINGTOOL\GENERATEDFILES\DEBUG\QTPROPERTYMANAGER.MOC
D:\ONEGIS.MODELINGTOOL\VBF\SOURCE\VBF_APP\MODELINGTOOL\GENERATEDFILES\DEBUG\QTTREEPROPERTYBROWSER.MOC
D:\ONEGIS.MODELINGTOOL\VBF\SOURCE\VBF_APP\MODELINGTOOL\GENERATEDFILES\QRC_MODELINGTOOL.CPP
D:\ONEGIS.MODELINGTOOL\VBF\SOURCE\VBF_APP\MODELINGTOOL\GENERATEDFILES\UI_2DCOORDINATEWIDGET.H
D:\ONEGIS.MODELINGTOOL\VBF\SOURCE\VBF_APP\MODELINGTOOL\GENERATEDFILES\UI_3DCOORDINATEWIDGET.H
D:\ONEGIS.MODELINGTOOL\VBF\SOURCE\VBF_APP\MODELINGTOOL\GENERATEDFILES\UI_ADDBEHAVIORDIALOG.H
D:\ONEGIS.MODELINGTOOL\VBF\SOURCE\VBF_APP\MODELINGTOOL\GENERATEDFILES\UI_BEHAVIORDEBUGDIALOG.H
D:\ONEGIS.MODELINGTOOL\VBF\SOURCE\VBF_APP\MODELINGTOOL\GENERATEDFILES\UI_BEHAVIORVIEWERDLG.H
D:\ONEGIS.MODELINGTOOL\VBF\SOURCE\VBF_APP\MODELINGTOOL\GENERATEDFILES\UI_CREATEOBJECTCLASSDIALOG.H
D:\ONEGIS.MODELINGTOOL\VBF\SOURCE\VBF_APP\MODELINGTOOL\GENERATEDFILES\UI_CREATEOBJECTDIALOG.H
D:\ONEGIS.MODELINGTOOL\VBF\SOURCE\VBF_APP\MODELINGTOOL\GENERATEDFILES\UI_CREATERELATIONCLASSDIALOG.H
D:\ONEGIS.MODELINGTOOL\VBF\SOURCE\VBF_APP\MODELINGTOOL\GENERATEDFILES\UI_CREATERELATIONDIALOG.H
D:\ONEGIS.MODELINGTOOL\VBF\SOURCE\VBF_APP\MODELINGTOOL\GENERATEDFILES\UI_CREATERELATIONMANUALWIDGET.H
D:\ONEGIS.MODELINGTOOL\VBF\SOURCE\VBF_APP\MODELINGTOOL\GENERATEDFILES\UI_FILTERRULEDLG.H
D:\ONEGIS.MODELINGTOOL\VBF\SOURCE\VBF_APP\MODELINGTOOL\GENERATEDFILES\UI_FORMPARTDIALOG.H
D:\ONEGIS.MODELINGTOOL\VBF\SOURCE\VBF_APP\MODELINGTOOL\GENERATEDFILES\UI_FRAMEPRODUCERDIALOG.H
D:\ONEGIS.MODELINGTOOL\VBF\SOURCE\VBF_APP\MODELINGTOOL\GENERATEDFILES\UI_MAINWINDOW.H
D:\ONEGIS.MODELINGTOOL\VBF\SOURCE\VBF_APP\MODELINGTOOL\GENERATEDFILES\UI_MERGERULEDLG.H
D:\ONEGIS.MODELINGTOOL\VBF\SOURCE\VBF_APP\MODELINGTOOL\GENERATEDFILES\UI_OBJECTATTRIBUTEWIDGET.H
D:\ONEGIS.MODELINGTOOL\VBF\SOURCE\VBF_APP\MODELINGTOOL\GENERATEDFILES\UI_OBJECTBASICINFOWIDGET.H
D:\ONEGIS.MODELINGTOOL\VBF\SOURCE\VBF_APP\MODELINGTOOL\GENERATEDFILES\UI_OBJECTBEHAVIORWIDGET.H
D:\ONEGIS.MODELINGTOOL\VBF\SOURCE\VBF_APP\MODELINGTOOL\GENERATEDFILES\UI_OBJECTCLASSATTRIBUTEWIDGET.H
D:\ONEGIS.MODELINGTOOL\VBF\SOURCE\VBF_APP\MODELINGTOOL\GENERATEDFILES\UI_OBJECTCLASSBASICINFOWIDGET.H
D:\ONEGIS.MODELINGTOOL\VBF\SOURCE\VBF_APP\MODELINGTOOL\GENERATEDFILES\UI_OBJECTCLASSBEHAVIORWIDGET.H
D:\ONEGIS.MODELINGTOOL\VBF\SOURCE\VBF_APP\MODELINGTOOL\GENERATEDFILES\UI_OBJECTCLASSCOMPOSEWIDGET.H
D:\ONEGIS.MODELINGTOOL\VBF\SOURCE\VBF_APP\MODELINGTOOL\GENERATEDFILES\UI_OBJECTCLASSEXPORTDIALOG.H
D:\ONEGIS.MODELINGTOOL\VBF\SOURCE\VBF_APP\MODELINGTOOL\GENERATEDFILES\UI_OBJECTCLASSFORMWIDGET.H
D:\ONEGIS.MODELINGTOOL\VBF\SOURCE\VBF_APP\MODELINGTOOL\GENERATEDFILES\UI_OBJECTCLASSREFERENCEWIDGET.H
D:\ONEGIS.MODELINGTOOL\VBF\SOURCE\VBF_APP\MODELINGTOOL\GENERATEDFILES\UI_OBJECTCOMPOSEWIDGET.H
D:\ONEGIS.MODELINGTOOL\VBF\SOURCE\VBF_APP\MODELINGTOOL\GENERATEDFILES\UI_OBJECTEXPORTDIALOG.H
D:\ONEGIS.MODELINGTOOL\VBF\SOURCE\VBF_APP\MODELINGTOOL\GENERATEDFILES\UI_OBJECTFORMWIDGET.H
D:\ONEGIS.MODELINGTOOL\VBF\SOURCE\VBF_APP\MODELINGTOOL\GENERATEDFILES\UI_OBJECTPOSITIONWIDGET.H
D:\ONEGIS.MODELINGTOOL\VBF\SOURCE\VBF_APP\MODELINGTOOL\GENERATEDFILES\UI_OBJECTREFERENCEWIDGET.H
D:\ONEGIS.MODELINGTOOL\VBF\SOURCE\VBF_APP\MODELINGTOOL\GENERATEDFILES\UI_OBJECTRELATIONWIDGET.H
D:\ONEGIS.MODELINGTOOL\VBF\SOURCE\VBF_APP\MODELINGTOOL\GENERATEDFILES\UI_OPERATECLASSWIDGET.H
D:\ONEGIS.MODELINGTOOL\VBF\SOURCE\VBF_APP\MODELINGTOOL\GENERATEDFILES\UI_OPERATEOBJECTWIDGET.H
D:\ONEGIS.MODELINGTOOL\VBF\SOURCE\VBF_APP\MODELINGTOOL\GENERATEDFILES\UI_OPERATERELATIONWIDGET.H
D:\ONEGIS.MODELINGTOOL\VBF\SOURCE\VBF_APP\MODELINGTOOL\GENERATEDFILES\UI_SEARCHCLASSWIDGET.H
D:\ONEGIS.MODELINGTOOL\VBF\SOURCE\VBF_APP\MODELINGTOOL\GENERATEDFILES\UI_SEARCHEROBJECTWIDGET.H
D:\ONEGIS.MODELINGTOOL\VBF\SOURCE\VBF_APP\MODELINGTOOL\GENERATEDFILES\UI_SEARCHERRELATIONWIDGET.H
D:\ONEGIS.MODELINGTOOL\VBF\SOURCE\VBF_APP\MODELINGTOOL\GENERATEDFILES\UI_SELECTRULEWIZARDPAGE.H
D:\ONEGIS.MODELINGTOOL\VBF\SOURCE\VBF_APP\MODELINGTOOL\GENERATEDFILES\UI_SELECTTYPEWIZARDPAGE.H
D:\ONEGIS.MODELINGTOOL\VBF\SOURCE\VBF_APP\MODELINGTOOL\GENERATEDFILES\UI_SETPARAMSWIZARDPAGE.H
D:\ONEGIS.MODELINGTOOL\VBF\SOURCE\VBF_APP\MODELINGTOOL\GENERATEDFILES\UI_SETSIMULATIONTIMEDIALOG.H
D:\ONEGIS.MODELINGTOOL\VBF\SOURCE\VBF_APP\MODELINGTOOL\GENERATEDFILES\UI_TIMEAXISVIEWWIDGET.H
